<?xml version="1.0" encoding="UTF-8"?>
<testsuite xmlns:xsi="http://www.w3.org/2001/XMLSchema-instance" xsi:noNamespaceSchemaLocation="https://maven.apache.org/surefire/maven-surefire-plugin/xsd/surefire-test-report-3.0.xsd" version="3.0" name="com.ejemplo.CalculadoraTest" time="0.105" tests="5" errors="0" skipped="0" failures="0">
  <properties>
    <property name="java.specification.version" value="21"/>
    <property name="sun.cpu.isalist" value="amd64"/>
    <property name="sun.jnu.encoding" value="Cp1252"/>
    <property name="java.class.path" value="C:\Users\omaro\OneDrive\Documentos\GitHub\Calculadora\target\test-classes;C:\Users\omaro\OneDrive\Documentos\GitHub\Calculadora\target\classes;C:\Users\omaro\.m2\repository\junit\junit\4.13.2\junit-4.13.2.jar;C:\Users\omaro\.m2\repository\org\hamcrest\hamcrest-core\1.3\hamcrest-core-1.3.jar;"/>
    <property name="java.vm.vendor" value="Oracle Corporation"/>
    <property name="sun.arch.data.model" value="64"/>
    <property name="user.variant" value=""/>
    <property name="java.vendor.url" value="https://java.oracle.com/"/>
    <property name="user.timezone" value="America/Guatemala"/>
    <property name="os.name" value="Windows 11"/>
    <property name="java.vm.specification.version" value="21"/>
    <property name="sun.java.launcher" value="SUN_STANDARD"/>
    <property name="user.country" value="GT"/>
    <property name="sun.boot.library.path" value="C:\Program Files\Java\jdk-21\bin"/>
    <property name="sun.java.command" value="C:\Users\omaro\AppData\Local\Temp\surefire2435535291754480474\surefirebooter-20250819214301401_3.jar C:\Users\omaro\AppData\Local\Temp\surefire2435535291754480474 2025-08-19T21-43-01_184-jvmRun1 surefire-20250819214301401_1tmp surefire_0-20250819214301401_2tmp"/>
    <property name="jdk.debug" value="release"/>
    <property name="surefire.test.class.path" value="C:\Users\omaro\OneDrive\Documentos\GitHub\Calculadora\target\test-classes;C:\Users\omaro\OneDrive\Documentos\GitHub\Calculadora\target\classes;C:\Users\omaro\.m2\repository\junit\junit\4.13.2\junit-4.13.2.jar;C:\Users\omaro\.m2\repository\org\hamcrest\hamcrest-core\1.3\hamcrest-core-1.3.jar;"/>
    <property name="sun.cpu.endian" value="little"/>
    <property name="user.home" value="C:\Users\omaro"/>
    <property name="user.language" value="es"/>
    <property name="java.specification.vendor" value="Oracle Corporation"/>
    <property name="java.version.date" value="2025-04-15"/>
    <property name="java.home" value="C:\Program Files\Java\jdk-21"/>
    <property name="file.separator" value="\"/>
    <property name="basedir" value="C:\Users\omaro\OneDrive\Documentos\GitHub\Calculadora"/>
    <property name="java.vm.compressedOopsMode" value="Zero based"/>
    <property name="line.separator" value="&#10;"/>
    <property name="java.vm.specification.vendor" value="Oracle Corporation"/>
    <property name="java.specification.name" value="Java Platform API Specification"/>
    <property name="surefire.real.class.path" value="C:\Users\omaro\AppData\Local\Temp\surefire2435535291754480474\surefirebooter-20250819214301401_3.jar"/>
    <property name="user.script" value=""/>
    <property name="sun.management.compiler" value="HotSpot 64-Bit Tiered Compilers"/>
    <property name="java.runtime.version" value="21.0.7+8-LTS-245"/>
    <property name="user.name" value="omaro"/>
    <property name="stdout.encoding" value="UTF-8"/>
    <property name="path.separator" value=";"/>
    <property name="os.version" value="10.0"/>
    <property name="java.runtime.name" value="Java(TM) SE Runtime Environment"/>
    <property name="file.encoding" value="UTF-8"/>
    <property name="java.vm.name" value="Java HotSpot(TM) 64-Bit Server VM"/>
    <property name="localRepository" value="C:\Users\omaro\.m2\repository"/>
    <property name="java.vendor.url.bug" value="https://bugreport.java.com/bugreport/"/>
    <property name="java.io.tmpdir" value="C:\Users\omaro\AppData\Local\Temp\"/>
    <property name="java.version" value="21.0.7"/>
    <property name="user.dir" value="C:\Users\omaro\OneDrive\Documentos\GitHub\Calculadora"/>
    <property name="os.arch" value="amd64"/>
    <property name="java.vm.specification.name" value="Java Virtual Machine Specification"/>
    <property name="sun.os.patch.level" value=""/>
    <property name="native.encoding" value="Cp1252"/>
    <property name="java.library.path" value="C:\Program Files\Java\jdk-21\bin;C:\WINDOWS\Sun\Java\bin;C:\WINDOWS\system32;C:\WINDOWS;C:\Users\omaro\AppData\Roaming\Code\User\globalStorage\pleiades.java-extension-pack-jdk\gradle\latest\bin;C:\Users\omaro\AppData\Roaming\Code\User\globalStorage\pleiades.java-extension-pack-jdk\maven\latest\bin;C:\Program Files\Java\jdk-21\bin;C:\Program Files (x86)\VMware\VMware Workstation\bin\;C:\Oracle\Oracle\bin;C:\Users\omaro\OneDrive\Escritorio\Oracle\Oracle\bin;C:\Users\omaro\OneDrive\Documentos\Oracle\bin;E:\Programas\SqlDeveloper\bin;C:\Program Files\Common Files\Oracle\Java\javapath;C:\Program Files (x86)\Common Files\Oracle\Java\java8path;C:\Program Files (x86)\Common Files\Oracle\Java\javapath;C:\windows\system32;C:\windows;C:\windows\System32\Wbem;C:\windows\System32\WindowsPowerShell\v1.0\;C:\windows\System32\OpenSSH\;C:\Program Files (x86)\NVIDIA Corporation\PhysX\Common;C:\Program Files\NVIDIA Corporation\NVIDIA NvDLISR;C:\Program Files\HP\HP One Agent;C:\WINDOWS\system32;C:\WINDOWS;C:\WINDOWS\System32\Wbem;C:\WINDOWS\System32\WindowsPowerShell\v1.0\;C:\WINDOWS\System32\OpenSSH\;C:\Program Files (x86)\Microsoft SQL Server\160\Tools\Binn\;C:\Program Files\Microsoft SQL Server\160\Tools\Binn\;C:\Program Files\Microsoft SQL Server\Client SDK\ODBC\170\Tools\Binn\;C:\Program Files\Microsoft SQL Server\160\DTS\Binn\;C:\Program Files (x86)\Microsoft SQL Server\160\DTS\Binn\;C:\Program Files\nodejs\;C:\ProgramData\chocolatey\bin;C:\Program Files\dotnet\;C:\Program Files\swipl\bin;C:\xampp\php;C:\composer;C:\Program Files\Git\cmd;C:\Users\omaro\AppData\Local\Programs\Python\Python310\Scripts\;C:\Users\omaro\AppData\Local\Programs\Python\Python310\;C:\Users\omaro\.console-ninja\.bin;C:\Users\omaro\AppData\Local\Programs\Python\Python313\Scripts\;C:\Users\omaro\AppData\Local\Programs\Python\Python313\;C:\Users\omaro\AppData\Local\Microsoft\WindowsApps;C:\Users\omaro\AppData\Local\Programs\Microsoft VS Code\bin;C:\Oracle\Oracle\bin;C:\Users\omaro\AppData\Roaming\npm;C:\Users\omaro\AppData\Local\GitHubDesktop\bin;C:\Users\omaro\AppData\Local\Muse Hub\lib;C:\Program Files\JetBrains\PyCharm 2025.1.1.1\bin;;C:\Users\omaro\AppData\Roaming\Composer\vendor\bin;c:\Users\omaro\AppData\Roaming\Code\User\globalStorage\github.copilot-chat\debugCommand;."/>
    <property name="java.vm.info" value="mixed mode, sharing"/>
    <property name="stderr.encoding" value="UTF-8"/>
    <property name="java.vendor" value="Oracle Corporation"/>
    <property name="java.vm.version" value="21.0.7+8-LTS-245"/>
    <property name="sun.io.unicode.encoding" value="UnicodeLittle"/>
    <property name="java.class.version" value="65.0"/>
  </properties>
  <testcase name="testSumar" classname="com.ejemplo.CalculadoraTest" time="0.008"/>
  <testcase name="testDividirEntreCero" classname="com.ejemplo.CalculadoraTest" time="0.0"/>
  <testcase name="testMultiplicar" classname="com.ejemplo.CalculadoraTest" time="0.0"/>
  <testcase name="testDividir" classname="com.ejemplo.CalculadoraTest" time="0.0"/>
  <testcase name="testRestar" classname="com.ejemplo.CalculadoraTest" time="0.0"/>
</testsuite>